#
# There is insufficient memory for the Java Runtime Environment to continue.
# Native memory allocation (malloc) failed to allocate 1612816 bytes for Chunk::new
# Possible reasons:
#   The system is out of physical RAM or swap space
#   In 32 bit mode, the process size limit was hit
# Possible solutions:
#   Reduce memory load on the system
#   Increase physical memory or swap space
#   Check if swap backing store is full
#   Use 64 bit Java on a 64 bit OS
#   Decrease Java heap size (-Xmx/-Xms)
#   Decrease number of Java threads
#   Decrease Java thread stack sizes (-Xss)
#   Set larger code cache with -XX:ReservedCodeCacheSize=
# This output file may be truncated or incomplete.
#
#  Out of Memory Error (allocation.cpp:390), pid=13432, tid=15180
#
# JRE version: Java(TM) SE Runtime Environment (8.0_73-b02) (build 1.8.0_73-b02)
# Java VM: Java HotSpot(TM) 64-Bit Server VM (25.73-b02 mixed mode windows-amd64 compressed oops)
# Failed to write core dump. Minidumps are not enabled by default on client versions of Windows
#

---------------  T H R E A D  ---------------

Current thread (0x000000001715e000):  JavaThread "C2 CompilerThread1" daemon [_thread_in_native, id=15180, stack(0x0000000018c30000,0x0000000018d30000)]

Stack: [0x0000000018c30000,0x0000000018d30000]
[error occurred during error reporting (printing stack bounds), id 0xc0000005]

Native frames: (J=compiled Java code, j=interpreted, Vv=VM code, C=native code)


Current CompileTask:
C2:  18381 1744       4       org.codehaus.groovy.runtime.metaclass.MetaMethodIndex::addMethodToList (290 bytes)


---------------  P R O C E S S  ---------------

Java Threads: ( => current thread )
  0x000000001a513000 JavaThread "File lock request listener" [_thread_in_native, id=8488, stack(0x000000001c700000,0x000000001c800000)]
  0x0000000019c20800 JavaThread "Stdin handler" [_thread_blocked, id=12584, stack(0x000000001b030000,0x000000001b130000)]
  0x0000000019b31000 JavaThread "Daemon worker" [_thread_in_native, id=14456, stack(0x000000001af30000,0x000000001b030000)]
  0x0000000019b34000 JavaThread "Cancel handler" [_thread_blocked, id=14992, stack(0x000000001ae30000,0x000000001af30000)]
  0x0000000019c09000 JavaThread "Handler for socket connection from /127.0.0.1:64879 to /127.0.0.1:64880" [_thread_in_native, id=14780, stack(0x000000001ad30000,0x000000001ae30000)]
  0x0000000019c00000 JavaThread "Daemon" [_thread_blocked, id=9940, stack(0x000000001ac30000,0x000000001ad30000)]
  0x0000000019b10800 JavaThread "Incoming local TCP Connector on port 64879" [_thread_in_native, id=8624, stack(0x000000001a850000,0x000000001a950000)]
  0x0000000018891000 JavaThread "Service Thread" daemon [_thread_blocked, id=3412, stack(0x0000000018e30000,0x0000000018f30000)]
  0x0000000018887800 JavaThread "C1 CompilerThread2" daemon [_thread_blocked, id=15048, stack(0x0000000018d30000,0x0000000018e30000)]
=>0x000000001715e000 JavaThread "C2 CompilerThread1" daemon [_thread_in_native, id=15180, stack(0x0000000018c30000,0x0000000018d30000)]
  0x000000001715b000 JavaThread "C2 CompilerThread0" daemon [_thread_in_native, id=7612, stack(0x0000000018730000,0x0000000018830000)]
  0x0000000017110000 JavaThread "Attach Listener" daemon [_thread_blocked, id=10740, stack(0x0000000018630000,0x0000000018730000)]
  0x000000001710f000 JavaThread "Signal Dispatcher" daemon [_thread_blocked, id=15268, stack(0x0000000018530000,0x0000000018630000)]
  0x00000000024d8800 JavaThread "Finalizer" daemon [_thread_blocked, id=1212, stack(0x0000000018350000,0x0000000018450000)]
  0x00000000024d0800 JavaThread "Reference Handler" daemon [_thread_blocked, id=8724, stack(0x0000000018250000,0x0000000018350000)]
  0x00000000023de800 JavaThread "main" [_thread_blocked, id=4720, stack(0x0000000002290000,0x0000000002390000)]

Other Threads:
  0x00000000170c7000 VMThread [stack: 0x0000000018150000,0x0000000018250000] [id=13664]
  0x00000000188f9800 WatcherThread [stack: 0x0000000018f30000,0x0000000019030000] [id=8736]

VM state:not at safepoint (normal execution)

VM Mutex/Monitor currently owned by a thread: None

Heap:
 PSYoungGen      total 38400K, used 10470K [0x00000000d5580000, 0x00000000d8000000, 0x0000000100000000)
  eden space 33280K, 16% used [0x00000000d5580000,0x00000000d5abf860,0x00000000d7600000)
  from space 5120K, 99% used [0x00000000d7600000,0x00000000d7afa020,0x00000000d7b00000)
  to   space 5120K, 0% used [0x00000000d7b00000,0x00000000d7b00000,0x00000000d8000000)
 ParOldGen       total 87552K, used 5965K [0x0000000080000000, 0x0000000085580000, 0x00000000d5580000)
  object space 87552K, 6% used [0x0000000080000000,0x00000000805d36b8,0x0000000085580000)
 Metaspace       used 19733K, capacity 20160K, committed 20480K, reserved 1067008K
  class space    used 2608K, capacity 2745K, committed 2816K, reserved 1048576K

Card table byte_map: [0x00000000118a0000,0x0000000011cb0000] byte_map_base: 0x00000000114a0000

Marking Bits: (ParMarkBitMap*) 0x00000000646e0600
 Begin Bits: [0x0000000012360000, 0x0000000014360000)
 End Bits:   [0x0000000014360000, 0x0000000016360000)

Polling page: 0x0000000000780000

CodeCache: size=245760Kb used=7287Kb max_used=7287Kb free=238472Kb
 bounds [0x00000000024e0000, 0x0000000002c10000, 0x00000000114e0000]
 total_blobs=2393 nmethods=1770 adapters=535
 compilation: enabled

Compilation events (10 events):
Event: 18.300 Thread 0x0000000018887800 1771       3       java.util.Locale::equals (75 bytes)
Event: 18.301 Thread 0x0000000018887800 nmethod 1771 0x0000000002bfeb50 code [0x0000000002bfed00, 0x0000000002bff538]
Event: 18.301 Thread 0x0000000018887800 1772       3       java.util.Formatter$FixedString::<init> (15 bytes)
Event: 18.301 Thread 0x0000000018887800 nmethod 1772 0x0000000002bff710 code [0x0000000002bff860, 0x0000000002bffa30]
Event: 18.301 Thread 0x0000000018887800 1773       3       java.util.Formatter$FixedString::print (18 bytes)
Event: 18.301 Thread 0x0000000018887800 nmethod 1773 0x0000000002bffad0 code [0x0000000002bffc40, 0x0000000002bffe88]
Event: 18.301 Thread 0x0000000018887800 1774       3       org.objectweb.asm.ClassWriter::a (15 bytes)
Event: 18.301 Thread 0x0000000018887800 nmethod 1774 0x0000000002bfff90 code [0x0000000002c00100, 0x0000000002c002f8]
Event: 18.301 Thread 0x0000000018887800 1775       3       org.objectweb.asm.Type::getType (107 bytes)
Event: 18.302 Thread 0x0000000018887800 nmethod 1775 0x0000000002c00410 code [0x0000000002c00640, 0x0000000002c01168]

GC Heap History (6 events):
Event: 3.113 GC heap before
{Heap before GC invocations=1 (full 0):
 PSYoungGen      total 38400K, used 33280K [0x00000000d5580000, 0x00000000d8000000, 0x0000000100000000)
  eden space 33280K, 100% used [0x00000000d5580000,0x00000000d7600000,0x00000000d7600000)
  from space 5120K, 0% used [0x00000000d7b00000,0x00000000d7b00000,0x00000000d8000000)
  to   space 5120K, 0% used [0x00000000d7600000,0x00000000d7600000,0x00000000d7b00000)
 ParOldGen       total 87552K, used 0K [0x0000000080000000, 0x0000000085580000, 0x00000000d5580000)
  object space 87552K, 0% used [0x0000000080000000,0x0000000080000000,0x0000000085580000)
 Metaspace       used 7291K, capacity 7516K, committed 7808K, reserved 1056768K
  class space    used 963K, capacity 1056K, committed 1152K, reserved 1048576K
Event: 3.121 GC heap after
Heap after GC invocations=1 (full 0):
 PSYoungGen      total 38400K, used 4953K [0x00000000d5580000, 0x00000000d8000000, 0x0000000100000000)
  eden space 33280K, 0% used [0x00000000d5580000,0x00000000d5580000,0x00000000d7600000)
  from space 5120K, 96% used [0x00000000d7600000,0x00000000d7ad6550,0x00000000d7b00000)
  to   space 5120K, 0% used [0x00000000d7b00000,0x00000000d7b00000,0x00000000d8000000)
 ParOldGen       total 87552K, used 8K [0x0000000080000000, 0x0000000085580000, 0x00000000d5580000)
  object space 87552K, 0% used [0x0000000080000000,0x0000000080002000,0x0000000085580000)
 Metaspace       used 7291K, capacity 7516K, committed 7808K, reserved 1056768K
  class space    used 963K, capacity 1056K, committed 1152K, reserved 1048576K
}
Event: 5.892 GC heap before
{Heap before GC invocations=2 (full 0):
 PSYoungGen      total 38400K, used 38233K [0x00000000d5580000, 0x00000000d8000000, 0x0000000100000000)
  eden space 33280K, 100% used [0x00000000d5580000,0x00000000d7600000,0x00000000d7600000)
  from space 5120K, 96% used [0x00000000d7600000,0x00000000d7ad6550,0x00000000d7b00000)
  to   space 5120K, 0% used [0x00000000d7b00000,0x00000000d7b00000,0x00000000d8000000)
 ParOldGen       total 87552K, used 8K [0x0000000080000000, 0x0000000085580000, 0x00000000d5580000)
  object space 87552K, 0% used [0x0000000080000000,0x0000000080002000,0x0000000085580000)
 Metaspace       used 13785K, capacity 14100K, committed 14208K, reserved 1060864K
  class space    used 1809K, capacity 1908K, committed 1920K, reserved 1048576K
Event: 5.901 GC heap after
Heap after GC invocations=2 (full 0):
 PSYoungGen      total 38400K, used 5098K [0x00000000d5580000, 0x00000000d8000000, 0x0000000100000000)
  eden space 33280K, 0% used [0x00000000d5580000,0x00000000d5580000,0x00000000d7600000)
  from space 5120K, 99% used [0x00000000d7b00000,0x00000000d7ffa978,0x00000000d8000000)
  to   space 5120K, 0% used [0x00000000d7600000,0x00000000d7600000,0x00000000d7b00000)
 ParOldGen       total 87552K, used 2126K [0x0000000080000000, 0x0000000085580000, 0x00000000d5580000)
  object space 87552K, 2% used [0x0000000080000000,0x0000000080213ac0,0x0000000085580000)
 Metaspace       used 13785K, capacity 14100K, committed 14208K, reserved 1060864K
  class space    used 1809K, capacity 1908K, committed 1920K, reserved 1048576K
}
Event: 15.917 GC heap before
{Heap before GC invocations=3 (full 0):
 PSYoungGen      total 38400K, used 38378K [0x00000000d5580000, 0x00000000d8000000, 0x0000000100000000)
  eden space 33280K, 100% used [0x00000000d5580000,0x00000000d7600000,0x00000000d7600000)
  from space 5120K, 99% used [0x00000000d7b00000,0x00000000d7ffa978,0x00000000d8000000)
  to   space 5120K, 0% used [0x00000000d7600000,0x00000000d7600000,0x00000000d7b00000)
 ParOldGen       total 87552K, used 2126K [0x0000000080000000, 0x0000000085580000, 0x00000000d5580000)
  object space 87552K, 2% used [0x0000000080000000,0x0000000080213ac0,0x0000000085580000)
 Metaspace       used 19127K, capacity 19510K, committed 19584K, reserved 1067008K
  class space    used 2529K, capacity 2661K, committed 2688K, reserved 1048576K
Event: 15.927 GC heap after
Heap after GC invocations=3 (full 0):
 PSYoungGen      total 38400K, used 5096K [0x00000000d5580000, 0x00000000d8000000, 0x0000000100000000)
  eden space 33280K, 0% used [0x00000000d5580000,0x00000000d5580000,0x00000000d7600000)
  from space 5120K, 99% used [0x00000000d7600000,0x00000000d7afa020,0x00000000d7b00000)
  to   space 5120K, 0% used [0x00000000d7b00000,0x00000000d7b00000,0x00000000d8000000)
 ParOldGen       total 87552K, used 5965K [0x0000000080000000, 0x0000000085580000, 0x00000000d5580000)
  object space 87552K, 6% used [0x0000000080000000,0x00000000805d36b8,0x0000000085580000)
 Metaspace       used 19127K, capacity 19510K, committed 19584K, reserved 1067008K
  class space    used 2529K, capacity 2661K, committed 2688K, reserved 1048576K
}

Deoptimization events (10 events):
Event: 13.038 Thread 0x0000000019b31000 Uncommon trap: reason=unstable_if action=reinterpret pc=0x00000000027bc02c method=java.lang.AbstractStringBuilder.append(Ljava/lang/String;)Ljava/lang/AbstractStringBuilder; @ 1
Event: 13.038 Thread 0x0000000019b31000 Uncommon trap: reason=unstable_if action=reinterpret pc=0x000000000272d514 method=java.lang.AbstractStringBuilder.append(Ljava/lang/String;)Ljava/lang/AbstractStringBuilder; @ 1
Event: 14.429 Thread 0x0000000019b31000 Uncommon trap: reason=class_check action=maybe_recompile pc=0x00000000026945d8 method=sun.misc.URLClassPath.getLoader(I)Lsun/misc/URLClassPath$Loader; @ 94
Event: 14.429 Thread 0x0000000019b31000 Uncommon trap: reason=class_check action=maybe_recompile pc=0x0000000002a1cb98 method=sun.misc.URLClassPath.getResource(Ljava/lang/String;Z)Lsun/misc/Resource; @ 62
Event: 14.510 Thread 0x0000000019b31000 Uncommon trap: reason=class_check action=maybe_recompile pc=0x000000000269476c method=sun.misc.URLClassPath.getLoader(I)Lsun/misc/URLClassPath$Loader; @ 193
Event: 14.545 Thread 0x0000000019b31000 Uncommon trap: reason=class_check action=maybe_recompile pc=0x000000000269476c method=sun.misc.URLClassPath.getLoader(I)Lsun/misc/URLClassPath$Loader; @ 193
Event: 14.561 Thread 0x0000000019b31000 Uncommon trap: reason=class_check action=maybe_recompile pc=0x000000000269476c method=sun.misc.URLClassPath.getLoader(I)Lsun/misc/URLClassPath$Loader; @ 193
Event: 17.457 Thread 0x0000000019b31000 Uncommon trap: reason=class_check action=maybe_recompile pc=0x0000000002690474 method=sun.misc.URLClassPath.getLoader(I)Lsun/misc/URLClassPath$Loader; @ 94
Event: 18.235 Thread 0x0000000019b31000 Uncommon trap: reason=unstable_if action=reinterpret pc=0x000000000292829c method=java.lang.ref.ReferenceQueue.poll()Ljava/lang/ref/Reference; @ 4
Event: 18.235 Thread 0x0000000019b31000 Uncommon trap: reason=class_check action=maybe_recompile pc=0x0000000002b7dd28 method=java.lang.ref.ReferenceQueue.reallyPoll()Ljava/lang/ref/Reference; @ 52

Internal exceptions (10 events):
Event: 18.233 Thread 0x0000000019b31000 Exception <a 'java/lang/ClassNotFoundException': java/lang/ClassBeanInfo> (0x00000000d58c9700) thrown at [D:\re\puppet\workspace\8-2-build-windows-amd64-cygwin\jdk8u73\6086\hotspot\src\share\vm\classfile\systemDictionary.cpp, line 210]
Event: 18.234 Thread 0x0000000019b31000 Exception <a 'java/lang/ClassNotFoundException': java/lang/ClassCustomizer> (0x00000000d58cb668) thrown at [D:\re\puppet\workspace\8-2-build-windows-amd64-cygwin\jdk8u73\6086\hotspot\src\share\vm\classfile\systemDictionary.cpp, line 210]
Event: 18.255 Thread 0x0000000019b31000 Exception <a 'java/lang/ClassNotFoundException': java/net/URLClassLoaderBeanInfo> (0x00000000d594ee38) thrown at [D:\re\puppet\workspace\8-2-build-windows-amd64-cygwin\jdk8u73\6086\hotspot\src\share\vm\classfile\systemDictionary.cpp, line 210]
Event: 18.258 Thread 0x0000000019b31000 Exception <a 'java/lang/ClassNotFoundException': java/security/SecureClassLoaderBeanInfo> (0x00000000d5950fe0) thrown at [D:\re\puppet\workspace\8-2-build-windows-amd64-cygwin\jdk8u73\6086\hotspot\src\share\vm\classfile\systemDictionary.cpp, line 210]
Event: 18.259 Thread 0x0000000019b31000 Exception <a 'java/lang/ClassNotFoundException': java/lang/ClassLoaderBeanInfo> (0x00000000d5952ff8) thrown at [D:\re\puppet\workspace\8-2-build-windows-amd64-cygwin\jdk8u73\6086\hotspot\src\share\vm\classfile\systemDictionary.cpp, line 210]
Event: 18.260 Thread 0x0000000019b31000 Exception <a 'java/lang/ClassNotFoundException': java/lang/ClassLoaderCustomizer> (0x00000000d5954fe8) thrown at [D:\re\puppet\workspace\8-2-build-windows-amd64-cygwin\jdk8u73\6086\hotspot\src\share\vm\classfile\systemDictionary.cpp, line 210]
Event: 18.262 Thread 0x0000000019b31000 Exception <a 'java/lang/ClassNotFoundException': java/security/SecureClassLoaderCustomizer> (0x00000000d5962a50) thrown at [D:\re\puppet\workspace\8-2-build-windows-amd64-cygwin\jdk8u73\6086\hotspot\src\share\vm\classfile\systemDictionary.cpp, line 210]
Event: 18.262 Thread 0x0000000019b31000 Exception <a 'java/lang/ClassNotFoundException': java/net/URLClassLoaderCustomizer> (0x00000000d5966ac0) thrown at [D:\re\puppet\workspace\8-2-build-windows-amd64-cygwin\jdk8u73\6086\hotspot\src\share\vm\classfile\systemDictionary.cpp, line 210]
Event: 18.273 Thread 0x0000000019b31000 Exception <a 'java/lang/ClassNotFoundException': groovy/lang/ReferenceBeanInfo> (0x00000000d59bba70) thrown at [D:\re\puppet\workspace\8-2-build-windows-amd64-cygwin\jdk8u73\6086\hotspot\src\share\vm\classfile\systemDictionary.cpp, line 210]
Event: 18.275 Thread 0x0000000019b31000 Exception <a 'java/lang/ClassNotFoundException': groovy/lang/ReferenceCustomizer> (0x00000000d59cfd40) thrown at [D:\re\puppet\workspace\8-2-build-windows-amd64-cygwin\jdk8u73\6086\hotspot\src\share\vm\classfile\systemDictionary.cpp, line 210]

Events (10 events):
Event: 18.305 loading class org/gradle/initialization/DefaultProjectDescriptorRegistry
Event: 18.305 loading class org/gradle/initialization/DefaultProjectDescriptorRegistry done
Event: 18.306 loading class org/gradle/util/Path
Event: 18.306 loading class org/gradle/util/Path done
Event: 18.308 loading class org/gradle/util/GUtil$1
Event: 18.308 loading class org/gradle/util/GUtil$1 done
Event: 18.309 loading class org/gradle/configuration/SettingScriptTarget
Event: 18.309 loading class org/gradle/configuration/SettingScriptTarget done
Event: 18.310 loading class org/gradle/initialization/SettingsScript
Event: 18.310 loading class org/gradle/initialization/SettingsScript done


Dynamic libraries:
0x00007ff6451a0000 - 0x00007ff6451d7000 	C:\Program Files\Java\jdk1.8.0_73\bin\java.exe
0x00007fffc2240000 - 0x00007fffc2402000 	C:\Windows\SYSTEM32\ntdll.dll
0x00007fffbf970000 - 0x00007fffbfa1d000 	C:\Windows\system32\KERNEL32.DLL
0x00007fffbf730000 - 0x00007fffbf90d000 	C:\Windows\system32\KERNELBASE.dll
0x00007fffbca10000 - 0x00007fffbca88000 	C:\Windows\system32\apphelp.dll
0x00007fffc2190000 - 0x00007fffc2236000 	C:\Windows\system32\ADVAPI32.dll
0x00007fffc20e0000 - 0x00007fffc217d000 	C:\Windows\system32\msvcrt.dll
0x00007fffbf910000 - 0x00007fffbf96b000 	C:\Windows\system32\sechost.dll
0x00007fffc0500000 - 0x00007fffc0626000 	C:\Windows\system32\RPCRT4.dll
0x00007fffc0290000 - 0x00007fffc03de000 	C:\Windows\system32\USER32.dll
0x00007fffc1f40000 - 0x00007fffc20c6000 	C:\Windows\system32\GDI32.dll
0x00007fffb3160000 - 0x00007fffb33d4000 	C:\Windows\WinSxS\amd64_microsoft.windows.common-controls_6595b64144ccf1df_6.0.10240.16384_none_f41f7b285750ef43\COMCTL32.dll
0x00007fffbfd00000 - 0x00007fffbfd36000 	C:\Windows\system32\IMM32.DLL
0x00007fffbfba0000 - 0x00007fffbfcfc000 	C:\Windows\system32\MSCTF.dll
0x0000000063ac0000 - 0x0000000063b92000 	C:\Program Files\Java\jdk1.8.0_73\jre\bin\msvcr100.dll
0x0000000063ed0000 - 0x0000000064760000 	C:\Program Files\Java\jdk1.8.0_73\jre\bin\server\jvm.dll
0x00007fffc20d0000 - 0x00007fffc20d8000 	C:\Windows\system32\PSAPI.DLL
0x00007fffbb4d0000 - 0x00007fffbb4f3000 	C:\Windows\SYSTEM32\WINMM.dll
0x00007fffbd400000 - 0x00007fffbd409000 	C:\Windows\SYSTEM32\WSOCK32.dll
0x00007fffb5010000 - 0x00007fffb501a000 	C:\Windows\SYSTEM32\VERSION.dll
0x00007fffc03e0000 - 0x00007fffc0449000 	C:\Windows\system32\WS2_32.dll
0x00007fffbfa20000 - 0x00007fffbfa28000 	C:\Windows\system32\NSI.dll
0x00007fffb98a0000 - 0x00007fffb98cc000 	C:\Windows\SYSTEM32\WINMMBASE.dll
0x00007fffbf6e0000 - 0x00007fffbf724000 	C:\Windows\system32\cfgmgr32.dll
0x00007fffbd540000 - 0x00007fffbd567000 	C:\Windows\SYSTEM32\DEVOBJ.dll
0x0000000064d50000 - 0x0000000064d5f000 	C:\Program Files\Java\jdk1.8.0_73\jre\bin\verify.dll
0x0000000064d20000 - 0x0000000064d49000 	C:\Program Files\Java\jdk1.8.0_73\jre\bin\java.dll
0x0000000064d00000 - 0x0000000064d16000 	C:\Program Files\Java\jdk1.8.0_73\jre\bin\zip.dll
0x00007fffc0630000 - 0x00007fffc1b52000 	C:\Windows\system32\SHELL32.dll
0x00007fffbf0b0000 - 0x00007fffbf6d8000 	C:\Windows\system32\windows.storage.dll
0x00007fffbfe90000 - 0x00007fffc010c000 	C:\Windows\system32\combase.dll
0x00007fffc1ee0000 - 0x00007fffc1f31000 	C:\Windows\system32\shlwapi.dll
0x00007fffbece0000 - 0x00007fffbecef000 	C:\Windows\system32\kernel.appcore.dll
0x00007fffbef90000 - 0x00007fffbf043000 	C:\Windows\system32\shcore.dll
0x00007fffbec70000 - 0x00007fffbecba000 	C:\Windows\system32\powrprof.dll
0x00007fffbecf0000 - 0x00007fffbed03000 	C:\Windows\system32\profapi.dll
0x0000000063eb0000 - 0x0000000063eca000 	C:\Program Files\Java\jdk1.8.0_73\jre\bin\net.dll
0x00007fffbe4e0000 - 0x00007fffbe53d000 	C:\Windows\system32\mswsock.dll
0x0000000063e90000 - 0x0000000063ea1000 	C:\Program Files\Java\jdk1.8.0_73\jre\bin\nio.dll
0x00007fffb1660000 - 0x00007fffb1672000 	C:\Users\cpzzzz\.gradle\native\19\windows-amd64\native-platform.dll
0x00007fffbd1f0000 - 0x00007fffbd228000 	C:\Windows\SYSTEM32\IPHLPAPI.DLL
0x00007fffbd1e0000 - 0x00007fffbd1eb000 	C:\Windows\SYSTEM32\WINNSI.DLL
0x00007fffbcb10000 - 0x00007fffbcb26000 	C:\Windows\SYSTEM32\dhcpcsvc6.DLL
0x00007fffbb860000 - 0x00007fffbb87a000 	C:\Windows\SYSTEM32\dhcpcsvc.DLL
0x00007fffbe540000 - 0x00007fffbe557000 	C:\Windows\SYSTEM32\CRYPTSP.dll
0x00007fffbeba0000 - 0x00007fffbebc8000 	C:\Windows\SYSTEM32\bcrypt.dll
0x00007fffbe190000 - 0x00007fffbe1c3000 	C:\Windows\system32\rsaenh.dll
0x00007fffbe280000 - 0x00007fffbe29f000 	C:\Windows\SYSTEM32\USERENV.dll
0x00007fffbea90000 - 0x00007fffbeafb000 	C:\Windows\system32\bcryptprimitives.dll
0x00007fffbe6b0000 - 0x00007fffbe6bb000 	C:\Windows\SYSTEM32\CRYPTBASE.dll

VM Arguments:
jvm_args: -XX:MaxPermSize=512m -XX:+HeapDumpOnOutOfMemoryError -Xmx2048m -Dfile.encoding=UTF-8 -Duser.country=US -Duser.language=en -Duser.variant 
java_command: org.gradle.launcher.daemon.bootstrap.GradleDaemon 2.10
java_class_path (initial): E:\android-studio\gradle\gradle-2.10\lib\gradle-launcher-2.10.jar
Launcher Type: SUN_STANDARD

Environment Variables:
JAVA_HOME=C:\Program Files\Java\jdk1.8.0_73
CLASSPATH=.;C:\Program Files\Java\jdk1.8.0_73/lib/tools.jar;C:\Program Files\Java\jdk1.8.0_73/lib/dt.jar;
PATH=C:\ProgramData\Oracle\Java\javapath;C:\Windows\system32;C:\Windows;C:\Windows\System32\Wbem;C:\Windows\System32\WindowsPowerShell\v1.0\;D:\shortcuts;D:\adt-bundle-windows-x86_64-20140702\sdk\platform-tools;C:\Program Files (x86)\ATI Technologies\ATI.ACE\Core-Static;C:\Program Files\Java\jdk1.8.0_73/bin
USERNAME=cpzzzz
OS=Windows_NT
PROCESSOR_IDENTIFIER=Intel64 Family 6 Model 58 Stepping 9, GenuineIntel



---------------  S Y S T E M  ---------------

OS: Windows 10.0 , 64 bit Build 10240 (10.0.10240.16384)

CPU:total 4 (2 cores per cpu, 2 threads per core) family 6 com.cpz.mobilesafe.model 58 stepping 9, cmov, cx8, fxsr, mmx, sse, sse2, sse3, ssse3, sse4.1, sse4.2, popcnt, avx, aes, clmul, erms, ht, tsc, tscinvbit, tscinv

Memory: 4k page, physical 8281448k(2390428k free), swap 16146176k(5568k free)

vm_info: Java HotSpot(TM) 64-Bit Server VM (25.73-b02) for windows-amd64 JRE (1.8.0_73-b02), built on Jan 29 2016 17:38:49 by "java_re" with MS VC++ 10.0 (VS2010)

time: Sat Mar 19 22:40:51 2016
elapsed time: 18 seconds (0d 0h 0m 18s)

