#
# A fatal error has been detected by the Java Runtime Environment:
#
#  EXCEPTION_ACCESS_VIOLATION (0xc0000005) at pc=0x00000000640e19a7, pid=10780, tid=7320
#
# JRE version: Java(TM) SE Runtime Environment (8.0_73-b02) (build 1.8.0_73-b02)
# Java VM: Java HotSpot(TM) 64-Bit Server VM (25.73-b02 mixed mode windows-amd64 compressed oops)
# Problematic frame:
# V  [jvm.dll+0x2119a7]
#
# Failed to write core dump. Minidumps are not enabled by default on client versions of Windows
#
# If you would like to submit a bug report, please visit:
#   http://bugreport.java.com/bugreport/crash.jsp
#

---------------  T H R E A D  ---------------

Current thread (0x0000000019f8a000):  JavaThread "DisconnectableInputStream source reader" daemon [_thread_in_vm, id=7320, stack(0x0000000024090000,0x0000000024190000)]

siginfo: ExceptionCode=0xc0000005, writing address 0x0000000024189470

Registers:
RAX=0x0000000024189470, RBX=0x0000000000000007, RCX=0x0000000000006000, RDX=0x0000000000000006
RSP=0x000000002418f470, RBP=0x0000000000000000, RSI=0x000000002418f470, RDI=0x0000000000000007
R8 =0x0000000000000006, R9 =0x000000001a815bb0, R10=0x00000000143ad508, R11=0x000000002409a148
R12=0x000000001a815bb0, R13=0x0000000019f8a000, R14=0x000000002418f538, R15=0x00000000143ad508
RIP=0x00000000640e19a7, EFLAGS=0x0000000000010202

Top of Stack: (sp=0x000000002418f470)
0x000000002418f470:   0000000017510000 00007fffc226eda7
0x000000002418f480:   0000000019f8a000 000000001a815bb0
0x000000002418f490:   00000000ffffffff 00000000640e28d7
0x000000002418f4a0:   000000002418f5a0 00000000143ad508
0x000000002418f4b0:   0000000019f8a000 0000000063f8f603
0x000000002418f4c0:   000000002418f500 0000000019f8a000
0x000000002418f4d0:   000000002418f590 0000000019f8a000
0x000000002418f4e0:   00000000143ad508 0000000019f8a000
0x000000002418f4f0:   0000000002696e60 0000000019f8a000
0x000000002418f500:   00000000143ad508 0000000019f8a000
0x000000002418f510:   00000000143ad508 0000000019f8a000
0x000000002418f520:   0000000000000001 00000000143ad508
0x000000002418f530:   0000000019f8a000 000000001d890880
0x000000002418f540:   0000000019f8a000 0000000063f90aed
0x000000002418f550:   000000002418f858 00000001000069a0
0x000000002418f560:   00000001000069a0 0000000000000000 

Instructions: (pc=0x00000000640e19a7)
0x00000000640e1987:   48 89 6c 24 30 33 ed 66 90 e8 5b 37 08 00 ff c3
0x00000000640e1997:   48 63 c8 48 8b c6 48 0f af cf 48 ff c7 48 2b c1
0x00000000640e19a7:   89 28 48 63 c3 48 3b 05 dd ac 58 00 7e db 48 8b
0x00000000640e19b7:   6c 24 30 48 8b 5c 24 38 48 8b 74 24 40 48 83 c4 


Register to memory mapping:

RAX=0x0000000024189470 is pointing into the stack for thread: 0x0000000019f8a000
RBX=0x0000000000000007 is an unknown value
RCX=0x0000000000006000 is an unknown value
RDX=0x0000000000000006 is an unknown value
RSP=0x000000002418f470 is pointing into the stack for thread: 0x0000000019f8a000
RBP=0x0000000000000000 is an unknown value
RSI=0x000000002418f470 is pointing into the stack for thread: 0x0000000019f8a000
RDI=0x0000000000000007 is an unknown value
R8 =0x0000000000000006 is an unknown value
R9 =0x000000001a815bb0 is an unknown value
R10={method} {0x00000000143ad510} 'run' '()V' in 'java/lang/Thread'
R11=0x000000002409a148 is pointing into the stack for thread: 0x0000000019f8a000
R12=0x000000001a815bb0 is an unknown value
R13=0x0000000019f8a000 is a thread
R14=0x000000002418f538 is pointing into the stack for thread: 0x0000000019f8a000
R15={method} {0x00000000143ad510} 'run' '()V' in 'java/lang/Thread'


Stack: [0x0000000024090000,0x0000000024190000],  sp=0x000000002418f470,  free space=1021k
Native frames: (J=compiled Java code, j=interpreted, Vv=VM code, C=native code)


---------------  P R O C E S S  ---------------

Java Threads: ( => current thread )
  0x0000000019f88000 JavaThread "Forward streams with process: command 'D:\adt-bundle-windows-x86_64-20140702\sdk\build-tools\21.1.2\aapt.exe' Thread 3" [_thread_blocked, id=11760, stack(0x0000000024390000,0x0000000024490000)]
  0x0000000019f85800 JavaThread "Forward streams with process: command 'D:\adt-bundle-windows-x86_64-20140702\sdk\build-tools\21.1.2\aapt.exe' Thread 2" [_thread_in_vm, id=11924, stack(0x0000000024290000,0x0000000024390000)]
  0x0000000019f83000 JavaThread "Forward streams with process: command 'D:\adt-bundle-windows-x86_64-20140702\sdk\build-tools\21.1.2\aapt.exe'" [_thread_blocked, id=7404, stack(0x0000000024190000,0x0000000024290000)]
=>0x0000000019f8a000 JavaThread "DisconnectableInputStream source reader" daemon [_thread_in_vm, id=7320, stack(0x0000000024090000,0x0000000024190000)]
  0x0000000019f89800 JavaThread "Forward streams with process: command 'D:\adt-bundle-windows-x86_64-20140702\sdk\build-tools\21.1.2\aapt.exe' Thread 3" [_thread_in_vm, id=14684, stack(0x0000000023f90000,0x0000000024090000)]
  0x0000000019f85000 JavaThread "Forward streams with process: command 'D:\adt-bundle-windows-x86_64-20140702\sdk\build-tools\21.1.2\aapt.exe' Thread 3" [_thread_blocked, id=16156, stack(0x0000000023890000,0x0000000023990000)]
  0x0000000019f86800 JavaThread "Forward streams with process: command 'D:\adt-bundle-windows-x86_64-20140702\sdk\build-tools\21.1.2\aapt.exe' Thread 2" [_thread_blocked, id=8324, stack(0x0000000023790000,0x0000000023890000)]
  0x0000000019f88800 JavaThread "Forward streams with process: command 'D:\adt-bundle-windows-x86_64-20140702\sdk\build-tools\21.1.2\aapt.exe'" [_thread_blocked, id=4408, stack(0x0000000023690000,0x0000000023790000)]
  0x000000001aa65000 JavaThread "Run command 'D:\adt-bundle-windows-x86_64-20140702\sdk\build-tools\21.1.2\aapt.exe'" [_thread_blocked, id=3024, stack(0x0000000023390000,0x0000000023490000)]
  0x000000001acb5000 JavaThread "Run command 'D:\adt-bundle-windows-x86_64-20140702\sdk\build-tools\21.1.2\aapt.exe'" [_thread_blocked, id=15572, stack(0x00000000222c0000,0x00000000223c0000)]
  0x000000001d9ed800 JavaThread "Run command 'D:\adt-bundle-windows-x86_64-20140702\sdk\build-tools\21.1.2\aapt.exe'" [_thread_blocked, id=15832, stack(0x0000000021680000,0x0000000021780000)]
  0x000000001aa6a800 JavaThread "pool-210-thread-4" [_thread_blocked, id=1536, stack(0x0000000020930000,0x0000000020a30000)]
  0x000000001d9ec800 JavaThread "pool-210-thread-3" [_thread_blocked, id=13412, stack(0x0000000020530000,0x0000000020630000)]
  0x000000001d9ef800 JavaThread "pool-210-thread-2" [_thread_blocked, id=6072, stack(0x000000001fcc0000,0x000000001fdc0000)]
  0x000000001bccf000 JavaThread "pool-210-thread-1" [_thread_blocked, id=15780, stack(0x000000001e910000,0x000000001ea10000)]
  0x000000001aa68000 JavaThread "Task worker Thread 3" [_thread_blocked, id=14364, stack(0x000000001cc10000,0x000000001cd10000)]
  0x000000001aa66000 JavaThread "Task worker Thread 2" [_thread_blocked, id=15940, stack(0x000000001a6a0000,0x000000001a7a0000)]
  0x000000001aa69800 JavaThread "Task worker" [_thread_blocked, id=4720, stack(0x000000001a3a0000,0x000000001a4a0000)]
  0x000000001acb4800 JavaThread "Stdin handler" [_thread_blocked, id=6416, stack(0x0000000018bd0000,0x0000000018cd0000)]
  0x000000001acb3800 JavaThread "Cancel handler" [_thread_blocked, id=14904, stack(0x00000000189d0000,0x0000000018ad0000)]
  0x000000001acb3000 JavaThread "Handler for socket connection from /127.0.0.1:61646 to /127.0.0.1:63565" [_thread_in_native, id=12064, stack(0x00000000188d0000,0x00000000189d0000)]
  0x000000001acb2000 JavaThread "Daemon worker Thread 174" [_thread_blocked, id=5068, stack(0x0000000018ad0000,0x0000000018bd0000)]
  0x000000001bccf800 JavaThread "Daemon Thread 174" [_thread_blocked, id=4876, stack(0x0000000002340000,0x0000000002440000)]
  0x000000001aa62000 JavaThread "pool-2-thread-1" [_thread_blocked, id=3648, stack(0x0000000021780000,0x0000000021880000)]
  0x00000000177c9000 JavaThread "Incoming local TCP Connector on port 61646" [_thread_in_native, id=13188, stack(0x00000000184f0000,0x00000000185f0000)]
  0x00000000163e0800 JavaThread "Service Thread" daemon [_thread_blocked, id=7544, stack(0x0000000016a50000,0x0000000016b50000)]
  0x000000001635a000 JavaThread "C1 CompilerThread2" daemon [_thread_blocked, id=14304, stack(0x0000000016950000,0x0000000016a50000)]
  0x0000000014d7e000 JavaThread "C2 CompilerThread1" daemon [_thread_blocked, id=9184, stack(0x0000000016850000,0x0000000016950000)]
  0x0000000014d7c800 JavaThread "C2 CompilerThread0" daemon [_thread_blocked, id=11184, stack(0x0000000016750000,0x0000000016850000)]
  0x0000000014d30800 JavaThread "Attach Listener" daemon [_thread_blocked, id=6180, stack(0x0000000016250000,0x0000000016350000)]
  0x0000000014d18800 JavaThread "Signal Dispatcher" daemon [_thread_blocked, id=9608, stack(0x0000000016150000,0x0000000016250000)]
  0x0000000002648000 JavaThread "Finalizer" daemon [_thread_blocked, id=13788, stack(0x0000000015f70000,0x0000000016070000)]
  0x000000000263f000 JavaThread "Reference Handler" daemon [_thread_blocked, id=12748, stack(0x0000000015e70000,0x0000000015f70000)]
  0x000000000244e800 JavaThread "main" [_thread_blocked, id=7196, stack(0x0000000002450000,0x0000000002550000)]

Other Threads:
  0x0000000014ce7800 VMThread [stack: 0x0000000015d70000,0x0000000015e70000] [id=12932]
  0x0000000016421800 WatcherThread [stack: 0x0000000016b50000,0x0000000016c50000] [id=12740]

VM state:synchronizing (normal execution)

VM Mutex/Monitor currently owned by a thread:  ([mutex/lock_event])
[0x000000000244d310] Threads_lock - owner thread: 0x0000000014ce7800

Heap:
 PSYoungGen      total 152576K, used 84211K [0x00000000eab00000, 0x00000000f6200000, 0x0000000100000000)
  eden space 118272K, 62% used [0x00000000eab00000,0x00000000ef303b50,0x00000000f1e80000)
  from space 34304K, 30% used [0x00000000f1e80000,0x00000000f28b9138,0x00000000f4000000)
  to   space 33280K, 0% used [0x00000000f4180000,0x00000000f4180000,0x00000000f6200000)
 ParOldGen       total 105472K, used 52530K [0x00000000c0000000, 0x00000000c6700000, 0x00000000eab00000)
  object space 105472K, 49% used [0x00000000c0000000,0x00000000c334c8a8,0x00000000c6700000)
 Metaspace       used 70171K, capacity 78326K, committed 79488K, reserved 1118208K
  class space    used 8838K, capacity 9447K, committed 9856K, reserved 1048576K

Card table byte_map: [0x0000000011a10000,0x0000000011c20000] byte_map_base: 0x0000000011410000

Marking Bits: (ParMarkBitMap*) 0x00000000646e0600
 Begin Bits: [0x0000000012180000, 0x0000000013180000)
 End Bits:   [0x0000000013180000, 0x0000000014180000)

Polling page: 0x0000000000500000

CodeCache: size=245760Kb used=87940Kb max_used=87940Kb free=157820Kb
 bounds [0x0000000002650000, 0x0000000007ce0000, 0x0000000011650000]
 total_blobs=21558 nmethods=20822 adapters=646
 compilation: enabled

Compilation events (10 events):
Event: 360345.234 Thread 0x000000001635a000 29728       3       com.android.sdklib.repositoryv2.AndroidSdkHandler::access$500 (4 bytes)
Event: 360345.234 Thread 0x000000001635a000 nmethod 29728 0x00000000056b6250 code [0x00000000056b63a0, 0x00000000056b64d0]
Event: 360369.683 Thread 0x000000001635a000 29729       3       com.google.common.base.CharMatcher$Or::<init> (28 bytes)
Event: 360369.683 Thread 0x000000001635a000 nmethod 29729 0x00000000056b5850 code [0x00000000056b5a00, 0x00000000056b5ef8]
Event: 360369.861 Thread 0x000000001635a000 29730       3       org.gradle.com.cpz.mobilesafe.model.internal.core.InputUsingModelAction::<init> (14 bytes)
Event: 360369.862 Thread 0x000000001635a000 nmethod 29730 0x0000000006031750 code [0x00000000060318c0, 0x0000000006031b90]
Event: 360369.862 Thread 0x000000001635a000 29731       3       org.gradle.com.cpz.mobilesafe.model.internal.core.NoInputsModelAction::of (11 bytes)
Event: 360369.863 Thread 0x000000001635a000 nmethod 29731 0x0000000006030fd0 code [0x0000000006031160, 0x0000000006031510]
Event: 360369.863 Thread 0x000000001635a000 29732       3       org.gradle.com.cpz.mobilesafe.model.internal.core.NoInputsModelAction::<init> (15 bytes)
Event: 360369.863 Thread 0x000000001635a000 nmethod 29732 0x0000000007ccefd0 code [0x0000000007ccf140, 0x0000000007ccf470]

GC Heap History (10 events):
Event: 360317.172 GC heap before
{Heap before GC invocations=1198 (full 172):
 PSYoungGen      total 150016K, used 135954K [0x00000000eab00000, 0x00000000f6380000, 0x0000000100000000)
  eden space 114688K, 100% used [0x00000000eab00000,0x00000000f1b00000,0x00000000f1b00000)
  from space 35328K, 60% used [0x00000000f1b00000,0x00000000f2fc4870,0x00000000f3d80000)
  to   space 35840K, 0% used [0x00000000f4080000,0x00000000f4080000,0x00000000f6380000)
 ParOldGen       total 105472K, used 41253K [0x00000000c0000000, 0x00000000c6700000, 0x00000000eab00000)
  object space 105472K, 39% used [0x00000000c0000000,0x00000000c2849500,0x00000000c6700000)
 Metaspace       used 70150K, capacity 78262K, committed 79232K, reserved 1118208K
  class space    used 8838K, capacity 9447K, committed 9856K, reserved 1048576K
Event: 360317.209 GC heap after
Heap after GC invocations=1198 (full 172):
 PSYoungGen      total 152576K, used 22433K [0x00000000eab00000, 0x00000000f6580000, 0x0000000100000000)
  eden space 116736K, 0% used [0x00000000eab00000,0x00000000eab00000,0x00000000f1d00000)
  from space 35840K, 62% used [0x00000000f4080000,0x00000000f5668768,0x00000000f6380000)
  to   space 36352K, 0% used [0x00000000f1d00000,0x00000000f1d00000,0x00000000f4080000)
 ParOldGen       total 105472K, used 41253K [0x00000000c0000000, 0x00000000c6700000, 0x00000000eab00000)
  object space 105472K, 39% used [0x00000000c0000000,0x00000000c2849500,0x00000000c6700000)
 Metaspace       used 70150K, capacity 78262K, committed 79232K, reserved 1118208K
  class space    used 8838K, capacity 9447K, committed 9856K, reserved 1048576K
}
Event: 360319.171 GC heap before
{Heap before GC invocations=1199 (full 172):
 PSYoungGen      total 152576K, used 47129K [0x00000000eab00000, 0x00000000f6580000, 0x0000000100000000)
  eden space 116736K, 21% used [0x00000000eab00000,0x00000000ec31dfb8,0x00000000f1d00000)
  from space 35840K, 62% used [0x00000000f4080000,0x00000000f5668768,0x00000000f6380000)
  to   space 36352K, 0% used [0x00000000f1d00000,0x00000000f1d00000,0x00000000f4080000)
 ParOldGen       total 105472K, used 41253K [0x00000000c0000000, 0x00000000c6700000, 0x00000000eab00000)
  object space 105472K, 39% used [0x00000000c0000000,0x00000000c2849500,0x00000000c6700000)
 Metaspace       used 70151K, capacity 78326K, committed 79488K, reserved 1118208K
  class space    used 8838K, capacity 9447K, committed 9856K, reserved 1048576K
Event: 360319.184 GC heap after
Heap after GC invocations=1199 (full 172):
 PSYoungGen      total 131584K, used 14516K [0x00000000eab00000, 0x00000000f6180000, 0x0000000100000000)
  eden space 116736K, 0% used [0x00000000eab00000,0x00000000eab00000,0x00000000f1d00000)
  from space 14848K, 97% used [0x00000000f1d00000,0x00000000f2b2d260,0x00000000f2b80000)
  to   space 34304K, 0% used [0x00000000f4000000,0x00000000f4000000,0x00000000f6180000)
 ParOldGen       total 105472K, used 41253K [0x00000000c0000000, 0x00000000c6700000, 0x00000000eab00000)
  object space 105472K, 39% used [0x00000000c0000000,0x00000000c2849500,0x00000000c6700000)
 Metaspace       used 70151K, capacity 78326K, committed 79488K, reserved 1118208K
  class space    used 8838K, capacity 9447K, committed 9856K, reserved 1048576K
}
Event: 360319.184 GC heap before
{Heap before GC invocations=1200 (full 173):
 PSYoungGen      total 131584K, used 14516K [0x00000000eab00000, 0x00000000f6180000, 0x0000000100000000)
  eden space 116736K, 0% used [0x00000000eab00000,0x00000000eab00000,0x00000000f1d00000)
  from space 14848K, 97% used [0x00000000f1d00000,0x00000000f2b2d260,0x00000000f2b80000)
  to   space 34304K, 0% used [0x00000000f4000000,0x00000000f4000000,0x00000000f6180000)
 ParOldGen       total 105472K, used 41253K [0x00000000c0000000, 0x00000000c6700000, 0x00000000eab00000)
  object space 105472K, 39% used [0x00000000c0000000,0x00000000c2849500,0x00000000c6700000)
 Metaspace       used 70151K, capacity 78326K, committed 79488K, reserved 1118208K
  class space    used 8838K, capacity 9447K, committed 9856K, reserved 1048576K
Event: 360319.431 GC heap after
Heap after GC invocations=1200 (full 173):
 PSYoungGen      total 131584K, used 0K [0x00000000eab00000, 0x00000000f6180000, 0x0000000100000000)
  eden space 116736K, 0% used [0x00000000eab00000,0x00000000eab00000,0x00000000f1d00000)
  from space 14848K, 0% used [0x00000000f1d00000,0x00000000f1d00000,0x00000000f2b80000)
  to   space 34304K, 0% used [0x00000000f4000000,0x00000000f4000000,0x00000000f6180000)
 ParOldGen       total 105472K, used 52530K [0x00000000c0000000, 0x00000000c6700000, 0x00000000eab00000)
  object space 105472K, 49% used [0x00000000c0000000,0x00000000c334c8a8,0x00000000c6700000)
 Metaspace       used 70151K, capacity 78326K, committed 79488K, reserved 1118208K
  class space    used 8838K, capacity 9447K, committed 9856K, reserved 1048576K
}
Event: 360347.024 GC heap before
{Heap before GC invocations=1201 (full 173):
 PSYoungGen      total 131584K, used 116736K [0x00000000eab00000, 0x00000000f6180000, 0x0000000100000000)
  eden space 116736K, 100% used [0x00000000eab00000,0x00000000f1d00000,0x00000000f1d00000)
  from space 14848K, 0% used [0x00000000f1d00000,0x00000000f1d00000,0x00000000f2b80000)
  to   space 34304K, 0% used [0x00000000f4000000,0x00000000f4000000,0x00000000f6180000)
 ParOldGen       total 105472K, used 52530K [0x00000000c0000000, 0x00000000c6700000, 0x00000000eab00000)
  object space 105472K, 49% used [0x00000000c0000000,0x00000000c334c8a8,0x00000000c6700000)
 Metaspace       used 70170K, capacity 78326K, committed 79488K, reserved 1118208K
  class space    used 8838K, capacity 9447K, committed 9856K, reserved 1048576K
Event: 360347.030 GC heap after
Heap after GC invocations=1201 (full 173):
 PSYoungGen      total 152576K, used 6911K [0x00000000eab00000, 0x00000000f6280000, 0x0000000100000000)
  eden space 118272K, 0% used [0x00000000eab00000,0x00000000eab00000,0x00000000f1e80000)
  from space 34304K, 20% used [0x00000000f4000000,0x00000000f46bff50,0x00000000f6180000)
  to   space 34304K, 0% used [0x00000000f1e80000,0x00000000f1e80000,0x00000000f4000000)
 ParOldGen       total 105472K, used 52530K [0x00000000c0000000, 0x00000000c6700000, 0x00000000eab00000)
  object space 105472K, 49% used [0x00000000c0000000,0x00000000c334c8a8,0x00000000c6700000)
 Metaspace       used 70170K, capacity 78326K, committed 79488K, reserved 1118208K
  class space    used 8838K, capacity 9447K, committed 9856K, reserved 1048576K
}
Event: 360374.643 GC heap before
{Heap before GC invocations=1202 (full 173):
 PSYoungGen      total 152576K, used 125183K [0x00000000eab00000, 0x00000000f6280000, 0x0000000100000000)
  eden space 118272K, 100% used [0x00000000eab00000,0x00000000f1e80000,0x00000000f1e80000)
  from space 34304K, 20% used [0x00000000f4000000,0x00000000f46bff50,0x00000000f6180000)
  to   space 34304K, 0% used [0x00000000f1e80000,0x00000000f1e80000,0x00000000f4000000)
 ParOldGen       total 105472K, used 52530K [0x00000000c0000000, 0x00000000c6700000, 0x00000000eab00000)
  object space 105472K, 49% used [0x00000000c0000000,0x00000000c334c8a8,0x00000000c6700000)
 Metaspace       used 70171K, capacity 78326K, committed 79488K, reserved 1118208K
  class space    used 8838K, capacity 9447K, committed 9856K, reserved 1048576K
Event: 360374.652 GC heap after
Heap after GC invocations=1202 (full 173):
 PSYoungGen      total 152576K, used 10468K [0x00000000eab00000, 0x00000000f6200000, 0x0000000100000000)
  eden space 118272K, 0% used [0x00000000eab00000,0x00000000eab00000,0x00000000f1e80000)
  from space 34304K, 30% used [0x00000000f1e80000,0x00000000f28b9138,0x00000000f4000000)
  to   space 33280K, 0% used [0x00000000f4180000,0x00000000f4180000,0x00000000f6200000)
 ParOldGen       total 105472K, used 52530K [0x00000000c0000000, 0x00000000c6700000, 0x00000000eab00000)
  object space 105472K, 49% used [0x00000000c0000000,0x00000000c334c8a8,0x00000000c6700000)
 Metaspace       used 70171K, capacity 78326K, committed 79488K, reserved 1118208K
  class space    used 8838K, capacity 9447K, committed 9856K, reserved 1048576K
}

Deoptimization events (10 events):
Event: 275552.140 Thread 0x000000001aa6d800 Uncommon trap: reason=unstable_if action=reinterpret pc=0x0000000004dc1e40 method=sun.security.action.GetPropertyAction.run()Ljava/lang/String; @ 9
Event: 275552.172 Thread 0x000000001aa65000 Uncommon trap: reason=unstable_if action=reinterpret pc=0x000000000601361c method=java.util.concurrent.ConcurrentHashMap.addCount(JI)V @ 7
Event: 275852.016 Thread 0x000000001aa6e000 Uncommon trap: reason=unstable_if action=reinterpret pc=0x0000000004395a98 method=java.io.ExpiringCache.entryFor(Ljava/lang/String;)Ljava/io/ExpiringCache$Entry; @ 30
Event: 275943.636 Thread 0x000000001d942800 Uncommon trap: reason=null_check action=make_not_entrant pc=0x0000000006fef594 method=com.sun.org.apache.xpath.internal.patterns.NodeTest.subPartMatchNS(Ljava/lang/String;Ljava/lang/String;)Z @ 25
Event: 275943.636 Thread 0x000000001d942800 Uncommon trap: reason=null_check action=make_not_entrant pc=0x0000000005a4fe5c method=com.sun.org.apache.xpath.internal.patterns.NodeTest.subPartMatchNS(Ljava/lang/String;Ljava/lang/String;)Z @ 25
Event: 356937.025 Thread 0x000000001aa6f800 Uncommon trap: reason=unstable_if action=reinterpret pc=0x0000000007bb4074 method=java.util.concurrent.ConcurrentHashMap.addCount(JI)V @ 168
Event: 360242.283 Thread 0x000000001acb2000 Uncommon trap: reason=class_check action=maybe_recompile pc=0x0000000002d4dc8c method=java.util.concurrent.FutureTask.report(I)Ljava/lang/Object; @ 30
Event: 360319.133 Thread 0x000000001acb2000 Uncommon trap: reason=class_check action=maybe_recompile pc=0x0000000002d4dc8c method=java.util.concurrent.FutureTask.report(I)Ljava/lang/Object; @ 30
Event: 360319.136 Thread 0x000000001651d800 Uncommon trap: reason=unstable_if action=reinterpret pc=0x0000000005dd2f18 method=java.util.concurrent.locks.AbstractQueuedSynchronizer.acquireInterruptibly(I)V @ 3
Event: 360319.137 Thread 0x000000001651c800 Uncommon trap: reason=unstable_if action=reinterpret pc=0x0000000004e2352c method=java.util.concurrent.locks.AbstractQueuedSynchronizer.acquireInterruptibly(I)V @ 3

Internal exceptions (10 events):
Event: 360014.605 Thread 0x000000001acb2000 Exception <a 'java/lang/reflect/InvocationTargetException'> (0x00000000eddf89a8) thrown at [D:\re\puppet\workspace\8-2-build-windows-amd64-cygwin\jdk8u73\6086\hotspot\src\share\vm\runtime\reflection.cpp, line 1092]
Event: 360053.749 Thread 0x000000001acb2000 Exception <a 'java/lang/reflect/InvocationTargetException'> (0x00000000ee6a99f0) thrown at [D:\re\puppet\workspace\8-2-build-windows-amd64-cygwin\jdk8u73\6086\hotspot\src\share\vm\runtime\reflection.cpp, line 1092]
Event: 360092.753 Thread 0x000000001acb2000 Exception <a 'java/lang/reflect/InvocationTargetException'> (0x00000000efa4d698) thrown at [D:\re\puppet\workspace\8-2-build-windows-amd64-cygwin\jdk8u73\6086\hotspot\src\share\vm\runtime\reflection.cpp, line 1092]
Event: 360196.252 Thread 0x000000001acb2000 Exception <a 'java/lang/reflect/InvocationTargetException'> (0x00000000edb6b678) thrown at [D:\re\puppet\workspace\8-2-build-windows-amd64-cygwin\jdk8u73\6086\hotspot\src\share\vm\runtime\reflection.cpp, line 1092]
Event: 360242.594 Thread 0x000000001bccf800 Exception <a 'java/lang/NoSuchMethodError': <clinit>> (0x00000000eb986180) thrown at [D:\re\puppet\workspace\8-2-build-windows-amd64-cygwin\jdk8u73\6086\hotspot\src\share\vm\prims\jni.cpp, line 1591]
Event: 360242.595 Thread 0x000000001bccf800 Exception <a 'java/lang/NoSuchMethodError': <clinit>> (0x00000000eb9a3d60) thrown at [D:\re\puppet\workspace\8-2-build-windows-amd64-cygwin\jdk8u73\6086\hotspot\src\share\vm\prims\jni.cpp, line 1591]
Event: 360242.595 Thread 0x000000001bccf800 Exception <a 'java/lang/NoSuchMethodError': <clinit>> (0x00000000eb9a67c8) thrown at [D:\re\puppet\workspace\8-2-build-windows-amd64-cygwin\jdk8u73\6086\hotspot\src\share\vm\prims\jni.cpp, line 1591]
Event: 360242.597 Thread 0x000000001bccf800 Exception <a 'java/lang/NoSuchMethodError': <clinit>> (0x00000000eb9e8438) thrown at [D:\re\puppet\workspace\8-2-build-windows-amd64-cygwin\jdk8u73\6086\hotspot\src\share\vm\prims\jni.cpp, line 1591]
Event: 360278.155 Thread 0x000000001acb2000 Exception <a 'java/lang/reflect/InvocationTargetException'> (0x00000000ee9a4c48) thrown at [D:\re\puppet\workspace\8-2-build-windows-amd64-cygwin\jdk8u73\6086\hotspot\src\share\vm\runtime\reflection.cpp, line 1092]
Event: 360345.233 Thread 0x000000001acb2000 Exception <a 'java/lang/reflect/InvocationTargetException'> (0x00000000edc10d50) thrown at [D:\re\puppet\workspace\8-2-build-windows-amd64-cygwin\jdk8u73\6086\hotspot\src\share\vm\runtime\reflection.cpp, line 1092]

Events (10 events):
Event: 360377.103 Thread 0x000000001d9f1000 Thread added: 0x000000001d9f1000
Event: 360377.103 Thread 0x0000000019f87000 Thread added: 0x0000000019f87000
Event: 360377.103 Thread 0x0000000019f84000 Thread added: 0x0000000019f84000
Event: 360377.103 Thread 0x0000000019f89800 Thread added: 0x0000000019f89800
Event: 360377.108 Thread 0x0000000019f8a000 Thread added: 0x0000000019f8a000
Event: 360377.108 Thread 0x0000000019f83000 Thread added: 0x0000000019f83000
Event: 360377.108 Thread 0x0000000019f85800 Thread added: 0x0000000019f85800
Event: 360377.108 Thread 0x0000000019f88000 Thread added: 0x0000000019f88000
Event: 360377.112 Thread 0x000000001651a000 Thread exited: 0x000000001651a000
Event: 360377.118 Thread 0x000000001d9f1000 Thread exited: 0x000000001d9f1000


Dynamic libraries:
0x00007ff6451a0000 - 0x00007ff6451d7000 	C:\Program Files\Java\jdk1.8.0_73\bin\java.exe
0x00007fffc2240000 - 0x00007fffc2402000 	C:\Windows\SYSTEM32\ntdll.dll
0x00007fffbf970000 - 0x00007fffbfa1d000 	C:\Windows\system32\KERNEL32.DLL
0x00007fffbf730000 - 0x00007fffbf90d000 	C:\Windows\system32\KERNELBASE.dll
0x00007fffbca10000 - 0x00007fffbca88000 	C:\Windows\system32\apphelp.dll
0x00007fffc2190000 - 0x00007fffc2236000 	C:\Windows\system32\ADVAPI32.dll
0x00007fffc20e0000 - 0x00007fffc217d000 	C:\Windows\system32\msvcrt.dll
0x00007fffbf910000 - 0x00007fffbf96b000 	C:\Windows\system32\sechost.dll
0x00007fffc0500000 - 0x00007fffc0626000 	C:\Windows\system32\RPCRT4.dll
0x00007fffc0290000 - 0x00007fffc03de000 	C:\Windows\system32\USER32.dll
0x00007fffc1f40000 - 0x00007fffc20c6000 	C:\Windows\system32\GDI32.dll
0x00007fffb3160000 - 0x00007fffb33d4000 	C:\Windows\WinSxS\amd64_microsoft.windows.common-controls_6595b64144ccf1df_6.0.10240.16384_none_f41f7b285750ef43\COMCTL32.dll
0x00007fffbfd00000 - 0x00007fffbfd36000 	C:\Windows\system32\IMM32.DLL
0x00007fffbfba0000 - 0x00007fffbfcfc000 	C:\Windows\system32\MSCTF.dll
0x0000000063ac0000 - 0x0000000063b92000 	C:\Program Files\Java\jdk1.8.0_73\jre\bin\msvcr100.dll
0x0000000063ed0000 - 0x0000000064760000 	C:\Program Files\Java\jdk1.8.0_73\jre\bin\server\jvm.dll
0x00007fffc20d0000 - 0x00007fffc20d8000 	C:\Windows\system32\PSAPI.DLL
0x00007fffbb4d0000 - 0x00007fffbb4f3000 	C:\Windows\SYSTEM32\WINMM.dll
0x00007fffb5010000 - 0x00007fffb501a000 	C:\Windows\SYSTEM32\VERSION.dll
0x00007fffbd400000 - 0x00007fffbd409000 	C:\Windows\SYSTEM32\WSOCK32.dll
0x00007fffc03e0000 - 0x00007fffc0449000 	C:\Windows\system32\WS2_32.dll
0x00007fffbfa20000 - 0x00007fffbfa28000 	C:\Windows\system32\NSI.dll
0x0000000000810000 - 0x000000000083c000 	C:\Windows\SYSTEM32\WINMMBASE.dll
0x00007fffbf6e0000 - 0x00007fffbf724000 	C:\Windows\system32\cfgmgr32.dll
0x00007fffbd540000 - 0x00007fffbd567000 	C:\Windows\SYSTEM32\DEVOBJ.dll
0x0000000064d50000 - 0x0000000064d5f000 	C:\Program Files\Java\jdk1.8.0_73\jre\bin\verify.dll
0x0000000064d20000 - 0x0000000064d49000 	C:\Program Files\Java\jdk1.8.0_73\jre\bin\java.dll
0x0000000064d00000 - 0x0000000064d16000 	C:\Program Files\Java\jdk1.8.0_73\jre\bin\zip.dll
0x00007fffc0630000 - 0x00007fffc1b52000 	C:\Windows\system32\SHELL32.dll
0x00007fffbf0b0000 - 0x00007fffbf6d8000 	C:\Windows\system32\windows.storage.dll
0x00007fffbfe90000 - 0x00007fffc010c000 	C:\Windows\system32\combase.dll
0x00007fffc1ee0000 - 0x00007fffc1f31000 	C:\Windows\system32\shlwapi.dll
0x00007fffbece0000 - 0x00007fffbecef000 	C:\Windows\system32\kernel.appcore.dll
0x00007fffbef90000 - 0x00007fffbf043000 	C:\Windows\system32\shcore.dll
0x00007fffbec70000 - 0x00007fffbecba000 	C:\Windows\system32\powrprof.dll
0x00007fffbecf0000 - 0x00007fffbed03000 	C:\Windows\system32\profapi.dll
0x0000000063eb0000 - 0x0000000063eca000 	C:\Program Files\Java\jdk1.8.0_73\jre\bin\net.dll
0x00007fffbe4e0000 - 0x00007fffbe53d000 	C:\Windows\system32\mswsock.dll
0x0000000063e90000 - 0x0000000063ea1000 	C:\Program Files\Java\jdk1.8.0_73\jre\bin\nio.dll
0x00007fffb1660000 - 0x00007fffb1672000 	C:\Users\cpzzzz\.gradle\native\19\windows-amd64\native-platform.dll
0x00007fffbd1f0000 - 0x00007fffbd228000 	C:\Windows\SYSTEM32\IPHLPAPI.DLL
0x00007fffbd1e0000 - 0x00007fffbd1eb000 	C:\Windows\SYSTEM32\WINNSI.DLL
0x00007fffbcb10000 - 0x00007fffbcb26000 	C:\Windows\SYSTEM32\dhcpcsvc6.DLL
0x00007fffbb860000 - 0x00007fffbb87a000 	C:\Windows\SYSTEM32\dhcpcsvc.DLL
0x00007fffbe540000 - 0x00007fffbe557000 	C:\Windows\SYSTEM32\CRYPTSP.dll
0x00007fffbeba0000 - 0x00007fffbebc8000 	C:\Windows\SYSTEM32\bcrypt.dll
0x00007fffbe190000 - 0x00007fffbe1c3000 	C:\Windows\system32\rsaenh.dll
0x00007fffbe280000 - 0x00007fffbe29f000 	C:\Windows\SYSTEM32\USERENV.dll
0x00007fffbea90000 - 0x00007fffbeafb000 	C:\Windows\system32\bcryptprimitives.dll
0x00007fffbe6b0000 - 0x00007fffbe6bb000 	C:\Windows\SYSTEM32\CRYPTBASE.dll
0x0000000064cf0000 - 0x0000000064cfd000 	C:\Program Files\Java\jdk1.8.0_73\jre\bin\management.dll
0x00007fffbc130000 - 0x00007fffbc2ba000 	C:\Windows\SYSTEM32\dbghelp.dll

VM Arguments:
jvm_args: -XX:MaxPermSize=256m -XX:+HeapDumpOnOutOfMemoryError -Xmx1024m -Dfile.encoding=GBK -Duser.country=US -Duser.language=en -Duser.variant 
java_command: org.gradle.launcher.daemon.bootstrap.GradleDaemon 2.10
java_class_path (initial): E:\android-studio\gradle\gradle-2.10\lib\gradle-launcher-2.10.jar
Launcher Type: SUN_STANDARD

Environment Variables:
JAVA_HOME=C:\Program Files\Java\jdk1.8.0_73
CLASSPATH=.;C:\Program Files\Java\jdk1.8.0_73/lib/tools.jar;C:\Program Files\Java\jdk1.8.0_73/lib/dt.jar;
PATH=C:\ProgramData\Oracle\Java\javapath;C:\Windows\system32;C:\Windows;C:\Windows\System32\Wbem;C:\Windows\System32\WindowsPowerShell\v1.0\;D:\shortcuts;D:\adt-bundle-windows-x86_64-20140702\sdk\platform-tools;C:\Program Files (x86)\ATI Technologies\ATI.ACE\Core-Static;C:\Program Files\Java\jdk1.8.0_73/bin
USERNAME=cpzzzz
OS=Windows_NT
PROCESSOR_IDENTIFIER=Intel64 Family 6 Model 58 Stepping 9, GenuineIntel



---------------  S Y S T E M  ---------------

OS: Windows 10.0 , 64 bit Build 10240 (10.0.10240.16384)

CPU:total 4 (2 cores per cpu, 2 threads per core) family 6 com.cpz.mobilesafe.model 58 stepping 9, cmov, cx8, fxsr, mmx, sse, sse2, sse3, ssse3, sse4.1, sse4.2, popcnt, avx, aes, clmul, erms, ht, tsc, tscinvbit, tscinv

Memory: 4k page, physical 8281448k(2817520k free), swap 16146176k(7368k free)

vm_info: Java HotSpot(TM) 64-Bit Server VM (25.73-b02) for windows-amd64 JRE (1.8.0_73-b02), built on Jan 29 2016 17:38:49 by "java_re" with MS VC++ 10.0 (VS2010)

time: Wed Mar 23 22:28:55 2016
elapsed time: 360377 seconds (4d 4h 6m 17s)

